npm warn EBADENGINE Unsupported engine {
npm warn EBADENGINE   package: 'eslint-visitor-keys@5.0.1',
npm warn EBADENGINE   required: { node: '^20.19.0 || ^22.13.0 || >=24' },
npm warn EBADENGINE   current: { node: 'v20.17.0', npm: '11.10.1' }
npm warn EBADENGINE }
npm warn cleanup Failed to remove some directories [
npm warn cleanup   [
npm warn cleanup     'C:\\Users\\TLS\\Downloads\\website-echosee\\node_modules\\next',
npm warn cleanup     [Error: ENOTEMPTY: directory not empty, rmdir 'C:\Users\TLS\Downloads\website-echosee\node_modules\next\dist\client\components'] {
npm warn cleanup       errno: -4051,
npm warn cleanup       code: 'ENOTEMPTY',
npm warn cleanup       syscall: 'rmdir',
npm warn cleanup       path: 'C:\\Users\\TLS\\Downloads\\website-echosee\\node_modules\\next\\dist\\client\\components'
npm warn cleanup     }
npm warn cleanup   ],
npm warn cleanup   [
npm warn cleanup     'C:\\Users\\TLS\\Downloads\\website-echosee\\node_modules\\next',
npm warn cleanup     [Error: ENOTEMPTY: directory not empty, rmdir 'C:\Users\TLS\Downloads\website-echosee\node_modules\next\dist\client\components'] {
npm warn cleanup       errno: -4051,
npm warn cleanup       code: 'ENOTEMPTY',
npm warn cleanup       syscall: 'rmdir',
npm warn cleanup       path: 'C:\\Users\\TLS\\Downloads\\website-echosee\\node_modules\\next\\dist\\client\\components'
npm warn cleanup     }
npm warn cleanup   ]
npm warn cleanup ]
npm error code EPERM
npm error syscall unlink
npm error path C:\Users\TLS\Downloads\website-echosee\node_modules\next\dist\compiled\postcss-modules-scope\index.js
npm error errno -4048
npm error [Error: EPERM: operation not permitted, unlink 'C:\Users\TLS\Downloads\website-echosee\node_modules\next\dist\compiled\postcss-modules-scope\index.js'] {
npm error   errno: -4048,
npm error   code: 'EPERM',
npm error   syscall: 'unlink',
npm error   path: 'C:\\Users\\TLS\\Downloads\\website-echosee\\node_modules\\next\\dist\\compiled\\postcss-modules-scope\\index.js'
npm error }
npm error
npm error The operation was rejected by your operating system.
npm error It's possible that the file was already in use (by a text editor or antivirus),
npm error or that you lack permissions to access it.
npm error
npm error If you believe this might be a permissions issue, please double-check the
npm error permissions of the file and its containing directories, or try running
npm error the command again as root/Administrator.
npm error A complete log of this run can be found in: C:\Users\TLS\AppData\Local\npm-cache\_logs\2026-05-02T15_06_10_779Z-debug-0.log
